{"/Users/wesleyappleget/Projects/docker/docker/src/App.tsx": {"path":"/Users/wesleyappleget/Projects/docker/docker/src/App.tsx","statementMap":{"0":{"start":{"line":4,"column":27},"end":{"line":4,"column":38}},"1":{"start":{"line":6,"column":19},"end":{"line":8,"column":2}},"2":{"start":{"line":7,"column":2},"end":{"line":7,"column":22}},"3":{"start":{"line":10,"column":19},"end":{"line":12,"column":2}},"4":{"start":{"line":11,"column":2},"end":{"line":11,"column":22}},"5":{"start":{"line":13,"column":1},"end":{"line":25,"column":3}}},"fnMap":{"0":{"name":"App","decl":{"start":{"line":3,"column":9},"end":{"line":3,"column":12}},"loc":{"start":{"line":3,"column":28},"end":{"line":26,"column":1}},"line":3},"1":{"name":"(anonymous_1)","decl":{"start":{"line":6,"column":19},"end":{"line":6,"column":20}},"loc":{"start":{"line":6,"column":25},"end":{"line":8,"column":2}},"line":6},"2":{"name":"(anonymous_2)","decl":{"start":{"line":10,"column":19},"end":{"line":10,"column":20}},"loc":{"start":{"line":10,"column":25},"end":{"line":12,"column":2}},"line":10}},"branchMap":{},"s":{"0":3,"1":3,"2":1,"3":3,"4":1,"5":3},"f":{"0":3,"1":1,"2":1},"b":{},"_coverageSchema":"1a1c01bbd47fc00a2c39e90264f33305004495a9","hash":"b2b6a2e255866e7a234090baa7ec2cd2071dc1e2"}
}
